<?xml version='1.0' encoding='UTF-8'?>
<testsuites tests="1" failures="0" errors="0" skipped="0" time="6.42">
        <testsuite name="gcd.GCDSpec" tests="1" failures="0" errors="0" skipped="0" time="6.42" timestamp="2024-12-14T07:02:40">
        <properties>
        
      </properties>
        <testcase classname="gcd.GCDSpec" name="Gcd should calculate proper greatest common denominator" time="6.42">
          
        </testcase>
      </testsuite>
      </testsuites>